# JRE version: OpenJDK Runtime Environment (8.0_202-b03) (build 1.8.0_202-release-1483-b03)
# Java VM: OpenJDK 64-Bit Server VM (25.202-b03 mixed mode windows-amd64 compressed oops)
Heap:
 PSYoungGen      total 460288K, used 206259K [0x00000000e0000000, 0x00000000ffe80000, 0x0000000100000000)
  eden space 396800K, 43% used [0x00000000e0000000,0x00000000ea847dc8,0x00000000f8380000)
  from space 63488K, 53% used [0x00000000fc080000,0x00000000fe1a4fc8,0x00000000ffe80000)
  to   space 62464K, 0% used [0x00000000f8380000,0x00000000f8380000,0x00000000fc080000)
 ParOldGen       total 251904K, used 78474K [0x00000000a0000000, 0x00000000af600000, 0x00000000e0000000)
  object space 251904K, 31% used [0x00000000a0000000,0x00000000a4ca2be8,0x00000000af600000)
 Metaspace       used 134932K, capacity 144882K, committed 145112K, reserved 1175552K
  class space    used 16997K, capacity 18901K, committed 18944K, reserved 1048576K
GC Heap History (10 events):
Event: 9105.258 GC heap before
{Heap before GC invocations=47 (full 5):
 PSYoungGen      total 455168K, used 413794K [0x00000000e0000000, 0x0000000100000000, 0x0000000100000000)
  eden space 386048K, 100% used [0x00000000e0000000,0x00000000f7900000,0x00000000f7900000)
  from space 69120K, 40% used [0x00000000f7900000,0x00000000f94189b8,0x00000000fbc80000)
  to   space 65536K, 0% used [0x00000000fc000000,0x00000000fc000000,0x0000000100000000)
 ParOldGen       total 251904K, used 78434K [0x00000000a0000000, 0x00000000af600000, 0x00000000e0000000)
  object space 251904K, 31% used [0x00000000a0000000,0x00000000a4c98be8,0x00000000af600000)
 Metaspace       used 126540K, capacity 134048K, committed 134104K, reserved 1165312K
  class space    used 15878K, capacity 17364K, committed 17408K, reserved 1048576K
Event: 9105.304 GC heap after
Heap after GC invocations=47 (full 5):
 PSYoungGen      total 454656K, used 44296K [0x00000000e0000000, 0x0000000100000000, 0x0000000100000000)
  eden space 389120K, 0% used [0x00000000e0000000,0x00000000e0000000,0x00000000f7c00000)
  from space 65536K, 67% used [0x00000000fc000000,0x00000000feb42048,0x0000000100000000)
  to   space 67584K, 0% used [0x00000000f7c00000,0x00000000f7c00000,0x00000000fbe00000)
 ParOldGen       total 251904K, used 78442K [0x00000000a0000000, 0x00000000af600000, 0x00000000e0000000)
  object space 251904K, 31% used [0x00000000a0000000,0x00000000a4c9abe8,0x00000000af600000)
 Metaspace       used 126540K, capacity 134048K, committed 134104K, reserved 1165312K
  class space    used 15878K, capacity 17364K, committed 17408K, reserved 1048576K
}
Event: 9163.944 GC heap before
{Heap before GC invocations=48 (full 5):
 PSYoungGen      total 454656K, used 433416K [0x00000000e0000000, 0x0000000100000000, 0x0000000100000000)
  eden space 389120K, 100% used [0x00000000e0000000,0x00000000f7c00000,0x00000000f7c00000)
  from space 65536K, 67% used [0x00000000fc000000,0x00000000feb42048,0x0000000100000000)
  to   space 67584K, 0% used [0x00000000f7c00000,0x00000000f7c00000,0x00000000fbe00000)
 ParOldGen       total 251904K, used 78442K [0x00000000a0000000, 0x00000000af600000, 0x00000000e0000000)
  object space 251904K, 31% used [0x00000000a0000000,0x00000000a4c9abe8,0x00000000af600000)
 Metaspace       used 128419K, capacity 137000K, committed 137176K, reserved 1169408K
  class space    used 16177K, capacity 17807K, committed 17920K, reserved 1048576K
Event: 9163.993 GC heap after
Heap after GC invocations=48 (full 5):
 PSYoungGen      total 419328K, used 30162K [0x00000000e0000000, 0x00000000ffb00000, 0x0000000100000000)
  eden space 389120K, 0% used [0x00000000e0000000,0x00000000e0000000,0x00000000f7c00000)
  from space 30208K, 99% used [0x00000000f7c00000,0x00000000f99749a8,0x00000000f9980000)
  to   space 64000K, 0% used [0x00000000fbc80000,0x00000000fbc80000,0x00000000ffb00000)
 ParOldGen       total 251904K, used 78450K [0x00000000a0000000, 0x00000000af600000, 0x00000000e0000000)
  object space 251904K, 31% used [0x00000000a0000000,0x00000000a4c9cbe8,0x00000000af600000)
 Metaspace       used 128419K, capacity 137000K, committed 137176K, reserved 1169408K
  class space    used 16177K, capacity 17807K, committed 17920K, reserved 1048576K
}
Event: 9470.608 GC heap before
{Heap before GC invocations=49 (full 5):
 PSYoungGen      total 419328K, used 419249K [0x00000000e0000000, 0x00000000ffb00000, 0x0000000100000000)
  eden space 389120K, 99% used [0x00000000e0000000,0x00000000f7bf7aa8,0x00000000f7c00000)
  from space 30208K, 99% used [0x00000000f7c00000,0x00000000f99749a8,0x00000000f9980000)
  to   space 64000K, 0% used [0x00000000fbc80000,0x00000000fbc80000,0x00000000ffb00000)
 ParOldGen       total 251904K, used 78450K [0x00000000a0000000, 0x00000000af600000, 0x00000000e0000000)
  object space 251904K, 31% used [0x00000000a0000000,0x00000000a4c9cbe8,0x00000000af600000)
 Metaspace       used 129991K, capacity 138922K, committed 139224K, reserved 1171456K
  class space    used 16359K, capacity 18052K, committed 18176K, reserved 1048576K
Event: 9470.652 GC heap after
Heap after GC invocations=49 (full 5):
 PSYoungGen      total 456704K, used 28529K [0x00000000e0000000, 0x00000000ffa00000, 0x0000000100000000)
  eden space 393728K, 0% used [0x00000000e0000000,0x00000000e0000000,0x00000000f8080000)
  from space 62976K, 45% used [0x00000000fbc80000,0x00000000fd85c570,0x00000000ffa00000)
  to   space 61440K, 0% used [0x00000000f8080000,0x00000000f8080000,0x00000000fbc80000)
 ParOldGen       total 251904K, used 78458K [0x00000000a0000000, 0x00000000af600000, 0x00000000e0000000)
  object space 251904K, 31% used [0x00000000a0000000,0x00000000a4c9ebe8,0x00000000af600000)
 Metaspace       used 129991K, capacity 138922K, committed 139224K, reserved 1171456K
  class space    used 16359K, capacity 18052K, committed 18176K, reserved 1048576K
}
Event: 9510.812 GC heap before
{Heap before GC invocations=50 (full 5):
 PSYoungGen      total 456704K, used 422257K [0x00000000e0000000, 0x00000000ffa00000, 0x0000000100000000)
  eden space 393728K, 100% used [0x00000000e0000000,0x00000000f8080000,0x00000000f8080000)
  from space 62976K, 45% used [0x00000000fbc80000,0x00000000fd85c570,0x00000000ffa00000)
  to   space 61440K, 0% used [0x00000000f8080000,0x00000000f8080000,0x00000000fbc80000)
 ParOldGen       total 251904K, used 78458K [0x00000000a0000000, 0x00000000af600000, 0x00000000e0000000)
  object space 251904K, 31% used [0x00000000a0000000,0x00000000a4c9ebe8,0x00000000af600000)
 Metaspace       used 132367K, capacity 141724K, committed 141912K, reserved 1173504K
  class space    used 16666K, capacity 18462K, committed 18560K, reserved 1048576K
Event: 9511.114 GC heap after
Heap after GC invocations=50 (full 5):
 PSYoungGen      total 455168K, used 49721K [0x00000000e0000000, 0x0000000100000000, 0x0000000100000000)
  eden space 393728K, 0% used [0x00000000e0000000,0x00000000e0000000,0x00000000f8080000)
  from space 61440K, 80% used [0x00000000f8080000,0x00000000fb10e600,0x00000000fbc80000)
  to   space 65024K, 0% used [0x00000000fc080000,0x00000000fc080000,0x0000000100000000)
 ParOldGen       total 251904K, used 78466K [0x00000000a0000000, 0x00000000af600000, 0x00000000e0000000)
  object space 251904K, 31% used [0x00000000a0000000,0x00000000a4ca0be8,0x00000000af600000)
 Metaspace       used 132367K, capacity 141724K, committed 141912K, reserved 1173504K
  class space    used 16666K, capacity 18462K, committed 18560K, reserved 1048576K
}
Event: 9631.529 GC heap before
{Heap before GC invocations=51 (full 5):
 PSYoungGen      total 455168K, used 443449K [0x00000000e0000000, 0x0000000100000000, 0x0000000100000000)
  eden space 393728K, 100% used [0x00000000e0000000,0x00000000f8080000,0x00000000f8080000)
  from space 61440K, 80% used [0x00000000f8080000,0x00000000fb10e600,0x00000000fbc80000)
  to   space 65024K, 0% used [0x00000000fc080000,0x00000000fc080000,0x0000000100000000)
 ParOldGen       total 251904K, used 78466K [0x00000000a0000000, 0x00000000af600000, 0x00000000e0000000)
  object space 251904K, 31% used [0x00000000a0000000,0x00000000a4ca0be8,0x00000000af600000)
 Metaspace       used 133860K, capacity 143760K, committed 143960K, reserved 1175552K
  class space    used 16866K, capacity 18763K, committed 18816K, reserved 1048576K
Event: 9631.579 GC heap after
Heap after GC invocations=51 (full 5):
 PSYoungGen      total 460288K, used 33939K [0x00000000e0000000, 0x00000000ffe80000, 0x0000000100000000)
  eden space 396800K, 0% used [0x00000000e0000000,0x00000000e0000000,0x00000000f8380000)
  from space 63488K, 53% used [0x00000000fc080000,0x00000000fe1a4fc8,0x00000000ffe80000)
  to   space 62464K, 0% used [0x00000000f8380000,0x00000000f8380000,0x00000000fc080000)
 ParOldGen       total 251904K, used 78474K [0x00000000a0000000, 0x00000000af600000, 0x00000000e0000000)
  object space 251904K, 31% used [0x00000000a0000000,0x00000000a4ca2be8,0x00000000af600000)
 Metaspace       used 133860K, capacity 143760K, committed 143960K, reserved 1175552K
  class space    used 16866K, capacity 18763K, committed 18816K, reserved 1048576K
}

