# JRE version: OpenJDK Runtime Environment (8.0_202-b03) (build 1.8.0_202-release-1483-b03)
# Java VM: OpenJDK 64-Bit Server VM (25.202-b03 mixed mode windows-amd64 compressed oops)
Heap:
 PSYoungGen      total 258560K, used 110643K [0x00000000e0000000, 0x00000000f2480000, 0x0000000100000000)
  eden space 228352K, 37% used [0x00000000e0000000,0x00000000e54523f0,0x00000000edf00000)
  from space 30208K, 80% used [0x00000000edf00000,0x00000000ef6ba948,0x00000000efc80000)
  to   space 20992K, 0% used [0x00000000efc80000,0x00000000efc80000,0x00000000f1100000)
 ParOldGen       total 140800K, used 53910K [0x00000000a0000000, 0x00000000a8980000, 0x00000000e0000000)
  object space 140800K, 38% used [0x00000000a0000000,0x00000000a34a5be8,0x00000000a8980000)
 Metaspace       used 70670K, capacity 73182K, committed 73384K, reserved 1112064K
  class space    used 9520K, capacity 10129K, committed 10152K, reserved 1048576K
GC Heap History (10 events):
Event: 19.615 GC heap before
{Heap before GC invocations=12 (full 2):
 PSYoungGen      total 164352K, used 129438K [0x00000000e0000000, 0x00000000ee180000, 0x0000000100000000)
  eden space 151552K, 76% used [0x00000000e0000000,0x00000000e71e8920,0x00000000e9400000)
  from space 12800K, 99% used [0x00000000e9400000,0x00000000ea07f1c0,0x00000000ea080000)
  to   space 16384K, 0% used [0x00000000ed180000,0x00000000ed180000,0x00000000ee180000)
 ParOldGen       total 91648K, used 21525K [0x00000000a0000000, 0x00000000a5980000, 0x00000000e0000000)
  object space 91648K, 23% used [0x00000000a0000000,0x00000000a1505678,0x00000000a5980000)
 Metaspace       used 57323K, capacity 59034K, committed 59160K, reserved 1099776K
  class space    used 7812K, capacity 8267K, committed 8360K, reserved 1048576K
Event: 19.653 GC heap after
Heap after GC invocations=12 (full 2):
 PSYoungGen      total 210432K, used 16367K [0x00000000e0000000, 0x00000000ee800000, 0x0000000100000000)
  eden space 194048K, 0% used [0x00000000e0000000,0x00000000e0000000,0x00000000ebd80000)
  from space 16384K, 99% used [0x00000000ed180000,0x00000000ee17bef0,0x00000000ee180000)
  to   space 20480K, 0% used [0x00000000ebd80000,0x00000000ebd80000,0x00000000ed180000)
 ParOldGen       total 91648K, used 27055K [0x00000000a0000000, 0x00000000a5980000, 0x00000000e0000000)
  object space 91648K, 29% used [0x00000000a0000000,0x00000000a1a6beb0,0x00000000a5980000)
 Metaspace       used 57323K, capacity 59034K, committed 59160K, reserved 1099776K
  class space    used 7812K, capacity 8267K, committed 8360K, reserved 1048576K
}
Event: 19.653 GC heap before
{Heap before GC invocations=13 (full 3):
 PSYoungGen      total 210432K, used 16367K [0x00000000e0000000, 0x00000000ee800000, 0x0000000100000000)
  eden space 194048K, 0% used [0x00000000e0000000,0x00000000e0000000,0x00000000ebd80000)
  from space 16384K, 99% used [0x00000000ed180000,0x00000000ee17bef0,0x00000000ee180000)
  to   space 20480K, 0% used [0x00000000ebd80000,0x00000000ebd80000,0x00000000ed180000)
 ParOldGen       total 91648K, used 27055K [0x00000000a0000000, 0x00000000a5980000, 0x00000000e0000000)
  object space 91648K, 29% used [0x00000000a0000000,0x00000000a1a6beb0,0x00000000a5980000)
 Metaspace       used 57323K, capacity 59034K, committed 59160K, reserved 1099776K
  class space    used 7812K, capacity 8267K, committed 8360K, reserved 1048576K
Event: 20.000 GC heap after
Heap after GC invocations=13 (full 3):
 PSYoungGen      total 210432K, used 0K [0x00000000e0000000, 0x00000000ee800000, 0x0000000100000000)
  eden space 194048K, 0% used [0x00000000e0000000,0x00000000e0000000,0x00000000ebd80000)
  from space 16384K, 0% used [0x00000000ed180000,0x00000000ed180000,0x00000000ee180000)
  to   space 20480K, 0% used [0x00000000ebd80000,0x00000000ebd80000,0x00000000ed180000)
 ParOldGen       total 140800K, used 36185K [0x00000000a0000000, 0x00000000a8980000, 0x00000000e0000000)
  object space 140800K, 25% used [0x00000000a0000000,0x00000000a23565b8,0x00000000a8980000)
 Metaspace       used 57323K, capacity 59034K, committed 59160K, reserved 1099776K
  class space    used 7812K, capacity 8267K, committed 8360K, reserved 1048576K
}
Event: 25.519 GC heap before
{Heap before GC invocations=14 (full 3):
 PSYoungGen      total 210432K, used 194048K [0x00000000e0000000, 0x00000000ee800000, 0x0000000100000000)
  eden space 194048K, 100% used [0x00000000e0000000,0x00000000ebd80000,0x00000000ebd80000)
  from space 16384K, 0% used [0x00000000ed180000,0x00000000ed180000,0x00000000ee180000)
  to   space 20480K, 0% used [0x00000000ebd80000,0x00000000ebd80000,0x00000000ed180000)
 ParOldGen       total 140800K, used 36185K [0x00000000a0000000, 0x00000000a8980000, 0x00000000e0000000)
  object space 140800K, 25% used [0x00000000a0000000,0x00000000a23566b0,0x00000000a8980000)
 Metaspace       used 63335K, capacity 65404K, committed 65448K, reserved 1105920K
  class space    used 8598K, capacity 9114K, committed 9128K, reserved 1048576K
Event: 25.594 GC heap after
Heap after GC invocations=14 (full 3):
 PSYoungGen      total 214528K, used 13441K [0x00000000e0000000, 0x00000000f1100000, 0x0000000100000000)
  eden space 194048K, 0% used [0x00000000e0000000,0x00000000e0000000,0x00000000ebd80000)
  from space 20480K, 65% used [0x00000000ebd80000,0x00000000ecaa0740,0x00000000ed180000)
  to   space 20992K, 0% used [0x00000000efc80000,0x00000000efc80000,0x00000000f1100000)
 ParOldGen       total 140800K, used 36193K [0x00000000a0000000, 0x00000000a8980000, 0x00000000e0000000)
  object space 140800K, 25% used [0x00000000a0000000,0x00000000a23586b0,0x00000000a8980000)
 Metaspace       used 63335K, capacity 65404K, committed 65448K, reserved 1105920K
  class space    used 8598K, capacity 9114K, committed 9128K, reserved 1048576K
}
Event: 28.906 GC heap before
{Heap before GC invocations=15 (full 3):
 PSYoungGen      total 214528K, used 207489K [0x00000000e0000000, 0x00000000f1100000, 0x0000000100000000)
  eden space 194048K, 100% used [0x00000000e0000000,0x00000000ebd80000,0x00000000ebd80000)
  from space 20480K, 65% used [0x00000000ebd80000,0x00000000ecaa0740,0x00000000ed180000)
  to   space 20992K, 0% used [0x00000000efc80000,0x00000000efc80000,0x00000000f1100000)
 ParOldGen       total 140800K, used 36195K [0x00000000a0000000, 0x00000000a8980000, 0x00000000e0000000)
  object space 140800K, 25% used [0x00000000a0000000,0x00000000a2358f70,0x00000000a8980000)
 Metaspace       used 70086K, capacity 72538K, committed 72872K, reserved 1112064K
  class space    used 9476K, capacity 10057K, committed 10152K, reserved 1048576K
Event: 28.978 GC heap after
Heap after GC invocations=15 (full 3):
 PSYoungGen      total 249344K, used 20970K [0x00000000e0000000, 0x00000000f2480000, 0x0000000100000000)
  eden space 228352K, 0% used [0x00000000e0000000,0x00000000e0000000,0x00000000edf00000)
  from space 20992K, 99% used [0x00000000efc80000,0x00000000f10fabc0,0x00000000f1100000)
  to   space 30208K, 0% used [0x00000000edf00000,0x00000000edf00000,0x00000000efc80000)
 ParOldGen       total 140800K, used 53902K [0x00000000a0000000, 0x00000000a8980000, 0x00000000e0000000)
  object space 140800K, 38% used [0x00000000a0000000,0x00000000a34a3be8,0x00000000a8980000)
 Metaspace       used 70086K, capacity 72538K, committed 72872K, reserved 1112064K
  class space    used 9476K, capacity 10057K, committed 10152K, reserved 1048576K
}
Event: 31.682 GC heap before
{Heap before GC invocations=16 (full 3):
 PSYoungGen      total 249344K, used 249322K [0x00000000e0000000, 0x00000000f2480000, 0x0000000100000000)
  eden space 228352K, 100% used [0x00000000e0000000,0x00000000edf00000,0x00000000edf00000)
  from space 20992K, 99% used [0x00000000efc80000,0x00000000f10fabc0,0x00000000f1100000)
  to   space 30208K, 0% used [0x00000000edf00000,0x00000000edf00000,0x00000000efc80000)
 ParOldGen       total 140800K, used 53902K [0x00000000a0000000, 0x00000000a8980000, 0x00000000e0000000)
  object space 140800K, 38% used [0x00000000a0000000,0x00000000a34a3be8,0x00000000a8980000)
 Metaspace       used 70628K, capacity 73150K, committed 73384K, reserved 1112064K
  class space    used 9514K, capacity 10097K, committed 10152K, reserved 1048576K
Event: 31.771 GC heap after
Heap after GC invocations=16 (full 3):
 PSYoungGen      total 258560K, used 24298K [0x00000000e0000000, 0x00000000f2480000, 0x0000000100000000)
  eden space 228352K, 0% used [0x00000000e0000000,0x00000000e0000000,0x00000000edf00000)
  from space 30208K, 80% used [0x00000000edf00000,0x00000000ef6ba948,0x00000000efc80000)
  to   space 20992K, 0% used [0x00000000efc80000,0x00000000efc80000,0x00000000f1100000)
 ParOldGen       total 140800K, used 53910K [0x00000000a0000000, 0x00000000a8980000, 0x00000000e0000000)
  object space 140800K, 38% used [0x00000000a0000000,0x00000000a34a5be8,0x00000000a8980000)
 Metaspace       used 70628K, capacity 73150K, committed 73384K, reserved 1112064K
  class space    used 9514K, capacity 10097K, committed 10152K, reserved 1048576K
}

