# JRE version: OpenJDK Runtime Environment (8.0_202-b03) (build 1.8.0_202-release-1483-b03)
# Java VM: OpenJDK 64-Bit Server VM (25.202-b03 mixed mode windows-amd64 compressed oops)
Heap:
 PSYoungGen      total 202240K, used 24044K [0x00000000e0000000, 0x00000000ee580000, 0x0000000100000000)
  eden space 183296K, 13% used [0x00000000e0000000,0x00000000e177b128,0x00000000eb300000)
  from space 18944K, 0% used [0x00000000ec580000,0x00000000ec580000,0x00000000ed800000)
  to   space 18944K, 0% used [0x00000000eb300000,0x00000000eb300000,0x00000000ec580000)
 ParOldGen       total 87040K, used 32455K [0x00000000a0000000, 0x00000000a5500000, 0x00000000e0000000)
  object space 87040K, 37% used [0x00000000a0000000,0x00000000a1fb1fd0,0x00000000a5500000)
 Metaspace       used 58419K, capacity 60578K, committed 60840K, reserved 1101824K
  class space    used 7985K, capacity 8496K, committed 8616K, reserved 1048576K
GC Heap History (10 events):
Event: 12.536 GC heap before
{Heap before GC invocations=11 (full 2):
 PSYoungGen      total 122880K, used 10125K [0x00000000e0000000, 0x00000000eb300000, 0x0000000100000000)
  eden space 111616K, 0% used [0x00000000e0000000,0x00000000e0000000,0x00000000e6d00000)
  from space 11264K, 89% used [0x00000000e6d00000,0x00000000e76e3780,0x00000000e7800000)
  to   space 11776K, 0% used [0x00000000ea780000,0x00000000ea780000,0x00000000eb300000)
 ParOldGen       total 57344K, used 9046K [0x00000000a0000000, 0x00000000a3800000, 0x00000000e0000000)
  object space 57344K, 15% used [0x00000000a0000000,0x00000000a08d5a90,0x00000000a3800000)
 Metaspace       used 34487K, capacity 35482K, committed 35496K, reserved 1079296K
  class space    used 4761K, capacity 5023K, committed 5032K, reserved 1048576K
Event: 12.643 GC heap after
Heap after GC invocations=11 (full 2):
 PSYoungGen      total 122880K, used 0K [0x00000000e0000000, 0x00000000eb300000, 0x0000000100000000)
  eden space 111616K, 0% used [0x00000000e0000000,0x00000000e0000000,0x00000000e6d00000)
  from space 11264K, 0% used [0x00000000e6d00000,0x00000000e6d00000,0x00000000e7800000)
  to   space 11776K, 0% used [0x00000000ea780000,0x00000000ea780000,0x00000000eb300000)
 ParOldGen       total 87040K, used 17504K [0x00000000a0000000, 0x00000000a5500000, 0x00000000e0000000)
  object space 87040K, 20% used [0x00000000a0000000,0x00000000a1118240,0x00000000a5500000)
 Metaspace       used 34487K, capacity 35482K, committed 35496K, reserved 1079296K
  class space    used 4761K, capacity 5023K, committed 5032K, reserved 1048576K
}
Event: 15.576 GC heap before
{Heap before GC invocations=12 (full 2):
 PSYoungGen      total 122880K, used 110747K [0x00000000e0000000, 0x00000000eb300000, 0x0000000100000000)
  eden space 111616K, 99% used [0x00000000e0000000,0x00000000e6c26fb8,0x00000000e6d00000)
  from space 11264K, 0% used [0x00000000e6d00000,0x00000000e6d00000,0x00000000e7800000)
  to   space 11776K, 0% used [0x00000000ea780000,0x00000000ea780000,0x00000000eb300000)
 ParOldGen       total 87040K, used 17504K [0x00000000a0000000, 0x00000000a5500000, 0x00000000e0000000)
  object space 87040K, 20% used [0x00000000a0000000,0x00000000a1118240,0x00000000a5500000)
 Metaspace       used 44857K, capacity 46206K, committed 46376K, reserved 1089536K
  class space    used 6069K, capacity 6391K, committed 6440K, reserved 1048576K
Event: 15.598 GC heap after
Heap after GC invocations=12 (full 2):
 PSYoungGen      total 154624K, used 11769K [0x00000000e0000000, 0x00000000eb300000, 0x0000000100000000)
  eden space 142848K, 0% used [0x00000000e0000000,0x00000000e0000000,0x00000000e8b80000)
  from space 11776K, 99% used [0x00000000ea780000,0x00000000eb2fe430,0x00000000eb300000)
  to   space 14336K, 0% used [0x00000000e9700000,0x00000000e9700000,0x00000000ea500000)
 ParOldGen       total 87040K, used 20821K [0x00000000a0000000, 0x00000000a5500000, 0x00000000e0000000)
  object space 87040K, 23% used [0x00000000a0000000,0x00000000a1455490,0x00000000a5500000)
 Metaspace       used 44857K, capacity 46206K, committed 46376K, reserved 1089536K
  class space    used 6069K, capacity 6391K, committed 6440K, reserved 1048576K
}
Event: 19.226 GC heap before
{Heap before GC invocations=13 (full 2):
 PSYoungGen      total 154624K, used 154617K [0x00000000e0000000, 0x00000000eb300000, 0x0000000100000000)
  eden space 142848K, 100% used [0x00000000e0000000,0x00000000e8b80000,0x00000000e8b80000)
  from space 11776K, 99% used [0x00000000ea780000,0x00000000eb2fe430,0x00000000eb300000)
  to   space 14336K, 0% used [0x00000000e9700000,0x00000000e9700000,0x00000000ea500000)
 ParOldGen       total 87040K, used 20821K [0x00000000a0000000, 0x00000000a5500000, 0x00000000e0000000)
  object space 87040K, 23% used [0x00000000a0000000,0x00000000a1455490,0x00000000a5500000)
 Metaspace       used 54915K, capacity 56874K, committed 57128K, reserved 1097728K
  class space    used 7472K, capacity 7903K, committed 7976K, reserved 1048576K
Event: 19.283 GC heap after
Heap after GC invocations=13 (full 2):
 PSYoungGen      total 168960K, used 14332K [0x00000000e0000000, 0x00000000ed800000, 0x0000000100000000)
  eden space 154624K, 0% used [0x00000000e0000000,0x00000000e0000000,0x00000000e9700000)
  from space 14336K, 99% used [0x00000000e9700000,0x00000000ea4ff3a8,0x00000000ea500000)
  to   space 18944K, 0% used [0x00000000ec580000,0x00000000ec580000,0x00000000ed800000)
 ParOldGen       total 87040K, used 28187K [0x00000000a0000000, 0x00000000a5500000, 0x00000000e0000000)
  object space 87040K, 32% used [0x00000000a0000000,0x00000000a1b86eb0,0x00000000a5500000)
 Metaspace       used 54915K, capacity 56874K, committed 57128K, reserved 1097728K
  class space    used 7472K, capacity 7903K, committed 7976K, reserved 1048576K
}
Event: 20.764 GC heap before
{Heap before GC invocations=14 (full 2):
 PSYoungGen      total 168960K, used 63460K [0x00000000e0000000, 0x00000000ed800000, 0x0000000100000000)
  eden space 154624K, 31% used [0x00000000e0000000,0x00000000e2ff9e70,0x00000000e9700000)
  from space 14336K, 99% used [0x00000000e9700000,0x00000000ea4ff3a8,0x00000000ea500000)
  to   space 18944K, 0% used [0x00000000ec580000,0x00000000ec580000,0x00000000ed800000)
 ParOldGen       total 87040K, used 28187K [0x00000000a0000000, 0x00000000a5500000, 0x00000000e0000000)
  object space 87040K, 32% used [0x00000000a0000000,0x00000000a1b86eb0,0x00000000a5500000)
 Metaspace       used 57035K, capacity 59024K, committed 59160K, reserved 1099776K
  class space    used 7789K, capacity 8272K, committed 8360K, reserved 1048576K
Event: 20.781 GC heap after
Heap after GC invocations=14 (full 2):
 PSYoungGen      total 202240K, used 4082K [0x00000000e0000000, 0x00000000ee580000, 0x0000000100000000)
  eden space 183296K, 0% used [0x00000000e0000000,0x00000000e0000000,0x00000000eb300000)
  from space 18944K, 21% used [0x00000000ec580000,0x00000000ec97c850,0x00000000ed800000)
  to   space 18944K, 0% used [0x00000000eb300000,0x00000000eb300000,0x00000000ec580000)
 ParOldGen       total 87040K, used 35608K [0x00000000a0000000, 0x00000000a5500000, 0x00000000e0000000)
  object space 87040K, 40% used [0x00000000a0000000,0x00000000a22c6398,0x00000000a5500000)
 Metaspace       used 57035K, capacity 59024K, committed 59160K, reserved 1099776K
  class space    used 7789K, capacity 8272K, committed 8360K, reserved 1048576K
}
Event: 20.782 GC heap before
{Heap before GC invocations=15 (full 3):
 PSYoungGen      total 202240K, used 4082K [0x00000000e0000000, 0x00000000ee580000, 0x0000000100000000)
  eden space 183296K, 0% used [0x00000000e0000000,0x00000000e0000000,0x00000000eb300000)
  from space 18944K, 21% used [0x00000000ec580000,0x00000000ec97c850,0x00000000ed800000)
  to   space 18944K, 0% used [0x00000000eb300000,0x00000000eb300000,0x00000000ec580000)
 ParOldGen       total 87040K, used 35608K [0x00000000a0000000, 0x00000000a5500000, 0x00000000e0000000)
  object space 87040K, 40% used [0x00000000a0000000,0x00000000a22c6398,0x00000000a5500000)
 Metaspace       used 57035K, capacity 59024K, committed 59160K, reserved 1099776K
  class space    used 7789K, capacity 8272K, committed 8360K, reserved 1048576K
Event: 21.112 GC heap after
Heap after GC invocations=15 (full 3):
 PSYoungGen      total 202240K, used 0K [0x00000000e0000000, 0x00000000ee580000, 0x0000000100000000)
  eden space 183296K, 0% used [0x00000000e0000000,0x00000000e0000000,0x00000000eb300000)
  from space 18944K, 0% used [0x00000000ec580000,0x00000000ec580000,0x00000000ed800000)
  to   space 18944K, 0% used [0x00000000eb300000,0x00000000eb300000,0x00000000ec580000)
 ParOldGen       total 87040K, used 32455K [0x00000000a0000000, 0x00000000a5500000, 0x00000000e0000000)
  object space 87040K, 37% used [0x00000000a0000000,0x00000000a1fb1fd0,0x00000000a5500000)
 Metaspace       used 57025K, capacity 58994K, committed 59160K, reserved 1099776K
  class space    used 7787K, capacity 8267K, committed 8360K, reserved 1048576K
}

